Arguments: 
  /opt/homebrew/Cellar/node@16/16.17.1/bin/node /opt/homebrew/Cellar/yarn/1.22.19/libexec/bin/yarn.js

PATH: 
  /Users/flour/.platformsh/bin:/opt/homebrew/opt/ruby/bin:/opt/homebrew/bin:/opt/homebrew/sbin:/usr/local/bin:/System/Cryptexes/App/usr/bin:/usr/bin:/bin:/usr/sbin:/sbin:/Library/TeX/texbin:/usr/local/share/dotnet:/opt/X11/bin:~/.dotnet/tools:/Library/Apple/usr/bin:/opt/homebrew/opt/fzf/bin:/Users/flour/flutter/bin

Yarn version: 
  1.22.19

Node version: 
  16.17.1

Platform: 
  darwin arm64

Trace: 
  Error: EACCES: permission denied, mkdir '/Volumes/Samsung'

npm manifest: 
  {
    "name": "pb-kz-sudo-backend",
    "version": "1.0.0",
    "description": "",
    "main": "index.js",
    "scripts": {
      "build": "npx tsc",
      "start": "node dist/index.js",
      "dev": "concurrently \"npx tsc --watch\" \"nodemon -q dist/index.js\""
    },
    "author": "Kacper Zakrzewski",
    "license": "ISC",
    "dependencies": {
      "dotenv": "^16.0.3",
      "express": "^4.18.2"
    },
    "devDependencies": {
      "@types/express": "^4.17.16",
      "@types/node": "^18.11.18",
      "concurrently": "^7.6.0",
      "nodemon": "^2.0.20",
      "typescript": "^4.9.5"
    }
  }

yarn manifest: 
  No manifest

Lockfile: 
  No lockfile
